<?xml version="1.0" encoding="UTF-8"?>
<!-- Generated by org.testng.reporters.JUnitXMLReporter -->
<testsuite ignored="0" hostname="DESKTOP-R6K1GAD" failures="0" tests="3" name="Default test" time="191.16" errors="0" timestamp="2025-06-14T11:33:21 IST">
  <testcase classname="com.ae.tests.CheckoutTest" name="testToRegisterWhileCheckout" time="41.288"/>
  <testcase classname="com.ae.tests.CheckoutTest" name="testToRegisterBeforeCheckout" time="37.647"/>
  <testcase classname="com.ae.tests.CheckoutTest" name="testToLoginBeforeCheckout" time="89.474"/>
</testsuite> <!-- Default test -->
