<?xml version="1.0" encoding="UTF-8"?>
<!-- Generated by org.testng.reporters.JUnitXMLReporter -->
<testsuite ignored="1" hostname="DESKTOP-R6K1GAD" failures="0" tests="1" name="Default test" time="40.003" errors="0" timestamp="2025-06-13T17:36:51 IST">
  <testcase classname="com.ae.tests.RegisterTest" name="verifyRegisterWithNewEmail" time="21.006"/>
  <testcase classname="com.ae.tests.RegisterTest" name="verifyRegisterWithExistingEmail" time="0.0">
    <ignored/>
  </testcase> <!-- verifyRegisterWithExistingEmail -->
</testsuite> <!-- Default test -->
