<?xml version="1.0" encoding="UTF-8"?>
<testng-results ignored="1" total="2" passed="1" failed="0" skipped="0">
  <reporter-output>
  </reporter-output>
  <suite started-at="2025-06-13T17:36:11 IST" name="Default suite" finished-at="2025-06-13T17:36:51 IST" duration-ms="40003">
    <groups>
    </groups>
    <test started-at="2025-06-13T17:36:11 IST" name="Default test" finished-at="2025-06-13T17:36:51 IST" duration-ms="40003">
      <class name="com.ae.tests.RegisterTest">
        <test-method is-config="true" signature="setup()[pri:0, instance:com.ae.tests.RegisterTest@3f6db3fb]" started-at="2025-06-13T17:36:11 IST" name="setup" finished-at="2025-06-13T17:36:29 IST" duration-ms="18078" status="PASS">
          <reporter-output>
          </reporter-output>
        </test-method> <!-- setup -->
        <test-method signature="verifyRegisterWithNewEmail()[pri:0, instance:com.ae.tests.RegisterTest@3f6db3fb]" started-at="2025-06-13T17:36:29 IST" name="verifyRegisterWithNewEmail" description="Test Case 1: Register User with new email" finished-at="2025-06-13T17:36:50 IST" duration-ms="21006" status="PASS">
          <reporter-output>
          </reporter-output>
        </test-method> <!-- verifyRegisterWithNewEmail -->
        <test-method is-config="true" signature="tearDown()[pri:0, instance:com.ae.tests.RegisterTest@3f6db3fb]" started-at="2025-06-13T17:36:50 IST" name="tearDown" finished-at="2025-06-13T17:36:51 IST" duration-ms="620" status="PASS">
          <reporter-output>
          </reporter-output>
        </test-method> <!-- tearDown -->
      </class> <!-- com.ae.tests.RegisterTest -->
    </test> <!-- Default test -->
  </suite> <!-- Default suite -->
</testng-results>
