<?xml version="1.0" encoding="UTF-8"?>
<!-- Generated by org.testng.reporters.JUnitReportReporter -->
<testsuite hostname="DESKTOP-R6K1GAD" failures="0" tests="2" name="com.ae.tests.RegisterTest" time="73.205" errors="0" timestamp="2025-06-14T11:41:21 IST" skipped="0">
  <testcase classname="com.ae.tests.RegisterTest" name="testToRegisterUserWithNewEmail" time="60.100"/>
  <testcase classname="com.ae.tests.RegisterTest" name="testToRegisterUserWithExistingEmail" time="13.105"/>
</testsuite> <!-- com.ae.tests.RegisterTest -->
