<?xml version="1.0" encoding="UTF-8"?>
<!-- Generated by org.testng.reporters.JUnitReportReporter -->
<testsuite hostname="DESKTOP-R6K1GAD" failures="0" tests="2" name="com.ae.tests.LoginTest" time="51.200" errors="0" timestamp="2025-06-14T11:41:21 IST" skipped="0">
  <testcase classname="com.ae.tests.LoginTest" name="verifyLoginWithCorrectEmailAndPassword" time="37.417"/>
  <testcase classname="com.ae.tests.LoginTest" name="verifyLoginWithIncorrectEmailAndPassword" time="13.783"/>
</testsuite> <!-- com.ae.tests.LoginTest -->
