<?xml version="1.0" encoding="UTF-8"?>
<!-- Generated by org.testng.reporters.JUnitReportReporter -->
<testsuite hostname="DESKTOP-R6K1GAD" failures="0" tests="3" name="com.ae.tests.CheckoutTest" time="140.812" errors="0" timestamp="2025-06-14T11:41:21 IST" skipped="0">
  <testcase classname="com.ae.tests.CheckoutTest" name="testToRegisterWhileCheckout" time="42.394"/>
  <testcase classname="com.ae.tests.CheckoutTest" name="testToRegisterBeforeCheckout" time="45.218"/>
  <testcase classname="com.ae.tests.CheckoutTest" name="testToLoginBeforeCheckout" time="53.200"/>
</testsuite> <!-- com.ae.tests.CheckoutTest -->
