<?xml version="1.0" encoding="UTF-8"?>
<!-- Generated by org.testng.reporters.JUnitReportReporter -->
<testsuite hostname="DESKTOP-R6K1GAD" failures="0" tests="2" name="com.ae.tests.SubscriptionTest" time="20.085" errors="0" timestamp="2025-06-14T11:41:21 IST" skipped="0">
  <testcase classname="com.ae.tests.SubscriptionTest" name="verifySubscriptionInHomePage" time="10.456"/>
  <testcase classname="com.ae.tests.SubscriptionTest" name="verifySubscriptionInCartPage" time="9.629"/>
</testsuite> <!-- com.ae.tests.SubscriptionTest -->
