<?xml version="1.0" encoding="UTF-8"?>
<!-- Generated by org.testng.reporters.JUnitReportReporter -->
<testsuite hostname="DESKTOP-R6K1GAD" failures="0" tests="2" name="com.ae.tests.CartPageTest" time="44.462" errors="0" timestamp="2025-06-14T11:41:21 IST" skipped="0">
  <testcase classname="com.ae.tests.CartPageTest" name="testToVerifyProductQuantityInCart" time="13.312"/>
  <testcase classname="com.ae.tests.CartPageTest" name="testToRemoveProductsFromCart" time="31.150"/>
</testsuite> <!-- com.ae.tests.CartPageTest -->
