<?xml version="1.0" encoding="UTF-8"?>
<!-- Generated by org.testng.reporters.JUnitXMLReporter -->
<testsuite ignored="0" hostname="DESKTOP-11UCV8M" failures="0" tests="16" name="Test" time="261.9" errors="0" timestamp="2025-06-28T00:17:37 IST">
  <testcase classname="com.ae.tests.RegisterTest" name="testToRegisterUserWithNewEmail" time="14.961"/>
  <testcase classname="com.ae.tests.RegisterTest" name="testToRegisterUserWithExistingEmail" time="3.14"/>
  <testcase classname="com.ae.tests.LoginTest" name="verifyLoginWithCorrectEmailAndPassword" time="6.736"/>
  <testcase classname="com.ae.tests.LoginTest" name="verifyLoginWithIncorrectEmailAndPassword" time="3.863"/>
  <testcase classname="com.ae.tests.LogoutTest" name="testToLogoutUser" time="6.766"/>
  <testcase classname="com.ae.tests.ProductsPageTest" name="verifyAllProductsAndProductDetailsPage" time="4.456"/>
  <testcase classname="com.ae.tests.SearchTest" name="verifyProductsRelatedToSearchAreVisible" time="8.233"/>
  <testcase classname="com.ae.tests.CartPageTest" name="testToVerifyProductQuantityInCart" time="5.833"/>
  <testcase classname="com.ae.tests.CartPageTest" name="testToRemoveProductsFromCart" time="20.923"/>
  <testcase classname="com.ae.tests.CheckoutTest" name="testToRegisterWhileCheckout" time="24.562"/>
  <testcase classname="com.ae.tests.CheckoutTest" name="testToRegisterBeforeCheckout" time="22.558"/>
  <testcase classname="com.ae.tests.CheckoutTest" name="testToLoginBeforeCheckout" time="45.302"/>
  <testcase classname="com.ae.tests.SubscriptionTest" name="verifySubscriptionInCartPage" time="1.607"/>
  <testcase classname="com.ae.tests.SubscriptionTest" name="verifySubscriptionInHomePage" time="0.724"/>
  <testcase classname="com.ae.tests.TestCasesPageTest" name="testToVerifyTestCasesPage" time="1.666"/>
  <testcase classname="com.ae.tests.ContactUsTest" name="testContactUsForm" time="6.324"/>
</testsuite> <!-- Test -->
