<?xml version="1.0" encoding="UTF-8"?>
<!-- Generated by org.testng.reporters.JUnitXMLReporter -->
<testsuite ignored="0" hostname="DESKTOP-R6K1GAD" failures="0" tests="16" name="Test" time="414.418" errors="0" timestamp="2025-06-14T11:41:20 IST">
  <testcase classname="com.ae.tests.RegisterTest" name="testToRegisterUserWithNewEmail" time="50.921"/>
  <testcase classname="com.ae.tests.RegisterTest" name="testToRegisterUserWithExistingEmail" time="5.322"/>
  <testcase classname="com.ae.tests.LoginTest" name="verifyLoginWithCorrectEmailAndPassword" time="30.461"/>
  <testcase classname="com.ae.tests.LoginTest" name="verifyLoginWithIncorrectEmailAndPassword" time="7.335"/>
  <testcase classname="com.ae.tests.LogoutTest" name="testToLogoutUser" time="23.061"/>
  <testcase classname="com.ae.tests.ProductsPageTest" name="verifyAllProductsAndProductDetailsPage" time="7.177"/>
  <testcase classname="com.ae.tests.SearchTest" name="verifyProductsRelatedToSearchAreVisible" time="5.267"/>
  <testcase classname="com.ae.tests.CheckoutTest" name="testToRegisterWhileCheckout" time="38.299"/>
  <testcase classname="com.ae.tests.CheckoutTest" name="testToRegisterBeforeCheckout" time="38.641"/>
  <testcase classname="com.ae.tests.CheckoutTest" name="testToLoginBeforeCheckout" time="46.814"/>
  <testcase classname="com.ae.tests.CartPageTest" name="testToVerifyProductQuantityInCart" time="6.916"/>
  <testcase classname="com.ae.tests.CartPageTest" name="testToRemoveProductsFromCart" time="26.937"/>
  <testcase classname="com.ae.tests.SubscriptionTest" name="verifySubscriptionInCartPage" time="3.577"/>
  <testcase classname="com.ae.tests.SubscriptionTest" name="verifySubscriptionInHomePage" time="2.372"/>
  <testcase classname="com.ae.tests.TestCasesPageTest" name="testToVerifyTestCasesPage" time="5.064"/>
  <testcase classname="com.ae.tests.ContactUsTest" name="testContactUsForm" time="10.521"/>
</testsuite> <!-- Test -->
